<?xml version="1.0" encoding="UTF-8"?>
<testsuite xmlns:xsi="http://www.w3.org/2001/XMLSchema-instance" xsi:schemaLocation="https://maven.apache.org/surefire/maven-surefire-plugin/xsd/surefire-test-report.xsd" name="pt.tecnico.APITest" time="5.203" tests="2" errors="0" skipped="0" failures="0">
  <properties>
[...]
</properties>
  <testcase name="openAccount_accountCreated_success" classname="pt.tecnico.APITest" time="0.185"/>
  <testcase name="openAccount_accountCreated_failure" classname="pt.tecnico.APITest" time="5.013"/>
</testsuite>